Info 0    [13:14:37.277] Starting TS Server
Info 1    [13:14:37.277] Version: 4.0.8
Info 2    [13:14:37.277] Arguments: /usr/bin/node /home/albert/Documentos/courses/angular/cmp-databinding-start/node_modules/typescript/lib/tsserver.js --logFile /home/albert/Documentos/courses/angular/cmp-databinding-start/.log/tsserver.log --logVerbosity info --cancellationPipeName /tmp/4920f281e129273e7269e5926ff6a3fb/tscancellation*
Info 3    [13:14:37.277] Platform: linux NodeVersion: 18 CaseSensitive: true
Info 4    [13:14:37.277] ServerMode: undefined syntaxOnly: false hasUnknownServerMode: undefined
Info 5    [13:14:37.287] Format host information updated
Info 6    [13:14:37.339] Search path: /home/albert/Documentos/courses/angular/cmp-databinding-start/src/app/server-element
Info 7    [13:14:37.341] For info: /home/albert/Documentos/courses/angular/cmp-databinding-start/src/app/server-element/server-element.component.ts :: Config file name: /home/albert/Documentos/courses/angular/cmp-databinding-start/tsconfig.json
Info 8    [13:14:37.342] Opened configuration file /home/albert/Documentos/courses/angular/cmp-databinding-start/tsconfig.json
Info 9    [13:14:37.364] Config: /home/albert/Documentos/courses/angular/cmp-databinding-start/tsconfig.json : {
 "rootNames": [
  "/home/albert/Documentos/courses/angular/cmp-databinding-start/e2e/src/app.e2e-spec.ts",
  "/home/albert/Documentos/courses/angular/cmp-databinding-start/e2e/src/app.po.ts",
  "/home/albert/Documentos/courses/angular/cmp-databinding-start/src/main.ts",
  "/home/albert/Documentos/courses/angular/cmp-databinding-start/src/polyfills.ts",
  "/home/albert/Documentos/courses/angular/cmp-databinding-start/src/test.ts",
  "/home/albert/Documentos/courses/angular/cmp-databinding-start/src/app/app.component.spec.ts",
  "/home/albert/Documentos/courses/angular/cmp-databinding-start/src/app/app.component.ts",
  "/home/albert/Documentos/courses/angular/cmp-databinding-start/src/app/app.module.ts",
  "/home/albert/Documentos/courses/angular/cmp-databinding-start/src/app/cockpit/cockpit.component.spec.ts",
  "/home/albert/Documentos/courses/angular/cmp-databinding-start/src/app/cockpit/cockpit.component.ts",
  "/home/albert/Documentos/courses/angular/cmp-databinding-start/src/app/server-element/server-element.component.ts",
  "/home/albert/Documentos/courses/angular/cmp-databinding-start/src/environments/environment.prod.ts",
  "/home/albert/Documentos/courses/angular/cmp-databinding-start/src/environments/environment.ts"
 ],
 "options": {
  "baseUrl": "/home/albert/Documentos/courses/angular/cmp-databinding-start",
  "outDir": "/home/albert/Documentos/courses/angular/cmp-databinding-start/dist/out-tsc",
  "sourceMap": true,
  "declaration": false,
  "moduleResolution": 2,
  "emitDecoratorMetadata": true,
  "experimentalDecorators": true,
  "target": 1,
  "typeRoots": [
   "/home/albert/Documentos/courses/angular/cmp-databinding-start/node_modules/@types"
  ],
  "lib": [
   "lib.es2017.d.ts",
   "lib.dom.d.ts"
  ],
  "configFilePath": "/home/albert/Documentos/courses/angular/cmp-databinding-start/tsconfig.json"
 }
}
Info 10   [13:14:37.882] Starting updateGraphWorker: Project: /home/albert/Documentos/courses/angular/cmp-databinding-start/tsconfig.json
Info 11   [13:14:39.397] Finishing updateGraphWorker: Project: /home/albert/Documentos/courses/angular/cmp-databinding-start/tsconfig.json Version: 1 structureChanged: true Elapsed: 1514.5983859999105ms
Info 12   [13:14:39.397] Project '/home/albert/Documentos/courses/angular/cmp-databinding-start/tsconfig.json' (Configured)
Info 13   [13:14:39.397] 	Files (308)

Info 14   [13:14:39.397] -----------------------------------------------
Info 15   [13:14:39.409] Starting updateGraphWorker: Project: /dev/null/autoImportProviderProject1*
Info 16   [13:14:39.932] Finishing updateGraphWorker: Project: /dev/null/autoImportProviderProject1* Version: 1 structureChanged: true Elapsed: 522.8828130001202ms
Info 17   [13:14:39.932] Project '/dev/null/autoImportProviderProject1*' (AutoImportProvider)
Info 18   [13:14:39.932] 	Files (450)

Info 19   [13:14:39.932] -----------------------------------------------
Info 20   [13:14:39.942] Before ensureProjectForOpenFiles:
Info 21   [13:14:39.942] After ensureProjectForOpenFiles:
Info 22   [13:14:39.942] got projects updated in background, updating diagnostics for /home/albert/Documentos/courses/angular/cmp-databinding-start/src/app/server-element/server-element.component.ts
Info 23   [13:14:40.984] DirectoryWatcher:: Triggered with /home/albert/Documentos/courses/angular/cmp-databinding-start/.log/ti-6289.log 0:: WatchInfo: /home/albert/Documentos/courses/angular/cmp-databinding-start 1 undefined Project: /home/albert/Documentos/courses/angular/cmp-databinding-start/tsconfig.json WatchType: Wild card directory
Info 24   [13:14:40.984] Project: /home/albert/Documentos/courses/angular/cmp-databinding-start/tsconfig.json Detected file add/remove of non supported extension: /home/albert/Documentos/courses/angular/cmp-databinding-start/.log/ti-6289.log
Info 25   [13:14:40.985] Elapsed:: 0.4218959999270737ms DirectoryWatcher:: Triggered with /home/albert/Documentos/courses/angular/cmp-databinding-start/.log/ti-6289.log 0:: WatchInfo: /home/albert/Documentos/courses/angular/cmp-databinding-start 1 undefined Project: /home/albert/Documentos/courses/angular/cmp-databinding-start/tsconfig.json WatchType: Wild card directory
Info 26   [13:14:42.31] Starting updateGraphWorker: Project: /home/albert/Documentos/courses/angular/cmp-databinding-start/tsconfig.json
Info 27   [13:14:42.67] Finishing updateGraphWorker: Project: /home/albert/Documentos/courses/angular/cmp-databinding-start/tsconfig.json Version: 2 structureChanged: false Elapsed: 35.83879100019112ms
Info 28   [13:14:42.67] Different program with same set of files:: oldProgram.structureIsReused:: 2
Info 29   [13:14:45.181] Starting updateGraphWorker: Project: /home/albert/Documentos/courses/angular/cmp-databinding-start/tsconfig.json
Info 30   [13:14:45.208] Finishing updateGraphWorker: Project: /home/albert/Documentos/courses/angular/cmp-databinding-start/tsconfig.json Version: 3 structureChanged: false Elapsed: 26.555805000010878ms
Info 31   [13:14:45.208] Different program with same set of files:: oldProgram.structureIsReused:: 2
Info 32   [13:14:45.979] Starting updateGraphWorker: Project: /home/albert/Documentos/courses/angular/cmp-databinding-start/tsconfig.json
Info 33   [13:14:45.991] Finishing updateGraphWorker: Project: /home/albert/Documentos/courses/angular/cmp-databinding-start/tsconfig.json Version: 4 structureChanged: false Elapsed: 11.420591000001878ms
Info 34   [13:14:45.991] Different program with same set of files:: oldProgram.structureIsReused:: 2
Info 35   [13:14:48.922] Starting updateGraphWorker: Project: /home/albert/Documentos/courses/angular/cmp-databinding-start/tsconfig.json
Info 36   [13:14:48.943] Finishing updateGraphWorker: Project: /home/albert/Documentos/courses/angular/cmp-databinding-start/tsconfig.json Version: 5 structureChanged: false Elapsed: 20.763890999834985ms
Info 37   [13:14:48.943] Different program with same set of files:: oldProgram.structureIsReused:: 2
Info 38   [13:14:48.946] getCompletionData: Get current token: 0.026920999865978956
Info 39   [13:14:48.946] getCompletionData: Is inside comment: 0.14227900002151728
Info 40   [13:14:48.947] getCompletionData: Get previous token 1: 0.0589109999127686
Info 41   [13:14:48.947] getCompletionData: Get previous token 2: 0.05830000014975667
Info 42   [13:14:48.948] getCompletionsAtPosition: isCompletionListBlocker: 0.49672699999064207
Info 43   [13:14:48.960] getSymbolsFromOtherSourceFileExports: Recomputing list
Info 44   [13:14:49.29] forEachExternalModuleToImportFrom: filtered out 26 modules by package.json contents
Info 45   [13:14:49.63] forEachExternalModuleToImportFrom: filtered out 0 modules by package.json contents
Info 46   [13:14:49.63] forEachExternalModuleToImportFrom autoImportProvider: 34.217809999827296
Info 47   [13:14:49.63] getSymbolsFromOtherSourceFileExports: 103.18434400018305
Info 48   [13:14:49.71] getCompletionData: Semantic work: 123.77139099966735
Info 49   [13:14:49.93] getCompletionsAtPosition: getCompletionEntriesFromSymbols: 21.03967099962756
Info 50   [13:14:50.663] Format host information updated
Info 51   [13:14:50.664] Format host information updated
Info 52   [13:14:50.664] Starting updateGraphWorker: Project: /home/albert/Documentos/courses/angular/cmp-databinding-start/tsconfig.json
Info 53   [13:14:50.673] Finishing updateGraphWorker: Project: /home/albert/Documentos/courses/angular/cmp-databinding-start/tsconfig.json Version: 6 structureChanged: false Elapsed: 8.842664000112563ms
Info 54   [13:14:50.673] Different program with same set of files:: oldProgram.structureIsReused:: 2
Info 55   [13:14:50.673] getCompletionData: Get current token: 0.02254300005733967
Info 56   [13:14:50.673] getCompletionData: Is inside comment: 0.008706000167876482
Info 57   [13:14:50.674] getCompletionData: Get previous token 1: 0.02215099986642599
Info 58   [13:14:50.674] getCompletionData: Get previous token 2: 0.016971999779343605
Info 59   [13:14:50.674] getCompletionsAtPosition: isCompletionListBlocker: 0.0022339997813105583
Info 60   [13:14:50.676] getSymbolsFromOtherSourceFileExports: Recomputing list for details entry
Info 61   [13:14:50.696] forEachExternalModuleToImportFrom: filtered out 0 modules by package.json contents
Info 62   [13:14:50.716] forEachExternalModuleToImportFrom: filtered out 0 modules by package.json contents
Info 63   [13:14:50.716] forEachExternalModuleToImportFrom autoImportProvider: 20.15338799962774
Info 64   [13:14:50.717] getSymbolsFromOtherSourceFileExports: 40.45958499982953
Info 65   [13:14:50.730] getCompletionData: Semantic work: 55.96489800000563
Info 66   [13:14:50.732] getCompletionData: Get current token: 0.018724999856203794
Info 67   [13:14:50.732] getCompletionData: Is inside comment: 0.004687999840825796
Info 68   [13:14:50.732] getCompletionData: Get previous token 1: 0.016700999811291695
Info 69   [13:14:50.732] getCompletionData: Get previous token 2: 0.01652099983766675
Info 70   [13:14:50.732] getCompletionsAtPosition: isCompletionListBlocker: 0.0022140000946819782
Info 71   [13:14:50.734] getSymbolsFromOtherSourceFileExports: Recomputing list for details entry
Info 72   [13:14:50.745] forEachExternalModuleToImportFrom: filtered out 0 modules by package.json contents
Info 73   [13:14:50.758] forEachExternalModuleToImportFrom: filtered out 0 modules by package.json contents
Info 74   [13:14:50.758] forEachExternalModuleToImportFrom autoImportProvider: 13.058022000361234
Info 75   [13:14:50.758] getSymbolsFromOtherSourceFileExports: 23.34298999980092
Info 76   [13:14:50.777] getCompletionData: Semantic work: 45.14353800006211
Info 77   [13:14:51.965] Starting updateGraphWorker: Project: /home/albert/Documentos/courses/angular/cmp-databinding-start/tsconfig.json
Info 78   [13:14:51.981] Finishing updateGraphWorker: Project: /home/albert/Documentos/courses/angular/cmp-databinding-start/tsconfig.json Version: 7 structureChanged: false Elapsed: 15.506995999719948ms
Info 79   [13:14:51.981] Different program with same set of files:: oldProgram.structureIsReused:: 2
Info 80   [13:14:51.981] getCompletionData: Get current token: 0.009217000100761652
Info 81   [13:14:51.981] getCompletionData: Is inside comment: 0.020339000038802624
Info 82   [13:14:51.981] getCompletionData: Get previous token 1: 0.022493000142276287
Info 83   [13:14:51.981] getCompletionData: Get previous token 2: 0.020047999918460846
Info 84   [13:14:51.981] getCompletionsAtPosition: isCompletionListBlocker: 0.003106000367552042
Info 85   [13:14:51.982] getCompletionData: Semantic work: 1.2838840000331402
Info 86   [13:14:51.983] getCompletionsAtPosition: getCompletionEntriesFromSymbols: 0.7325530000962317
Info 87   [13:14:52.503] Starting updateGraphWorker: Project: /home/albert/Documentos/courses/angular/cmp-databinding-start/tsconfig.json
Info 88   [13:14:52.524] Finishing updateGraphWorker: Project: /home/albert/Documentos/courses/angular/cmp-databinding-start/tsconfig.json Version: 8 structureChanged: false Elapsed: 20.436782999895513ms
Info 89   [13:14:52.524] Different program with same set of files:: oldProgram.structureIsReused:: 2
Info 90   [13:14:53.985] Starting updateGraphWorker: Project: /home/albert/Documentos/courses/angular/cmp-databinding-start/tsconfig.json
Info 91   [13:14:54.3] Finishing updateGraphWorker: Project: /home/albert/Documentos/courses/angular/cmp-databinding-start/tsconfig.json Version: 9 structureChanged: false Elapsed: 17.373230000026524ms
Info 92   [13:14:54.3] Different program with same set of files:: oldProgram.structureIsReused:: 2
Info 93   [13:14:55.156] Starting updateGraphWorker: Project: /home/albert/Documentos/courses/angular/cmp-databinding-start/tsconfig.json
Info 94   [13:14:55.175] Finishing updateGraphWorker: Project: /home/albert/Documentos/courses/angular/cmp-databinding-start/tsconfig.json Version: 10 structureChanged: false Elapsed: 18.503834000322968ms
Info 95   [13:14:55.175] Different program with same set of files:: oldProgram.structureIsReused:: 2
Info 96   [13:14:55.247] Starting updateGraphWorker: Project: /home/albert/Documentos/courses/angular/cmp-databinding-start/tsconfig.json
Info 97   [13:14:55.257] Finishing updateGraphWorker: Project: /home/albert/Documentos/courses/angular/cmp-databinding-start/tsconfig.json Version: 11 structureChanged: false Elapsed: 10.130585999693722ms
Info 98   [13:14:55.257] Different program with same set of files:: oldProgram.structureIsReused:: 2
Info 99   [13:14:55.404] Starting updateGraphWorker: Project: /home/albert/Documentos/courses/angular/cmp-databinding-start/tsconfig.json
Info 100  [13:14:55.426] Finishing updateGraphWorker: Project: /home/albert/Documentos/courses/angular/cmp-databinding-start/tsconfig.json Version: 12 structureChanged: false Elapsed: 21.05093300016597ms
Info 101  [13:14:55.426] Different program with same set of files:: oldProgram.structureIsReused:: 2
Info 102  [13:14:55.494] Starting updateGraphWorker: Project: /home/albert/Documentos/courses/angular/cmp-databinding-start/tsconfig.json
Info 103  [13:14:55.516] Finishing updateGraphWorker: Project: /home/albert/Documentos/courses/angular/cmp-databinding-start/tsconfig.json Version: 13 structureChanged: false Elapsed: 22.228414999786764ms
Info 104  [13:14:55.516] Different program with same set of files:: oldProgram.structureIsReused:: 2
Info 105  [13:14:55.782] Starting updateGraphWorker: Project: /home/albert/Documentos/courses/angular/cmp-databinding-start/tsconfig.json
Info 106  [13:14:55.800] Finishing updateGraphWorker: Project: /home/albert/Documentos/courses/angular/cmp-databinding-start/tsconfig.json Version: 14 structureChanged: false Elapsed: 17.97176899993792ms
Info 107  [13:14:55.800] Different program with same set of files:: oldProgram.structureIsReused:: 2
Info 108  [13:14:55.922] Starting updateGraphWorker: Project: /home/albert/Documentos/courses/angular/cmp-databinding-start/tsconfig.json
Info 109  [13:14:55.939] Finishing updateGraphWorker: Project: /home/albert/Documentos/courses/angular/cmp-databinding-start/tsconfig.json Version: 15 structureChanged: false Elapsed: 16.760152000002563ms
Info 110  [13:14:55.939] Different program with same set of files:: oldProgram.structureIsReused:: 2
Info 111  [13:14:56.334] Starting updateGraphWorker: Project: /home/albert/Documentos/courses/angular/cmp-databinding-start/tsconfig.json
Info 112  [13:14:56.351] Finishing updateGraphWorker: Project: /home/albert/Documentos/courses/angular/cmp-databinding-start/tsconfig.json Version: 16 structureChanged: false Elapsed: 16.848939000163227ms
Info 113  [13:14:56.351] Different program with same set of files:: oldProgram.structureIsReused:: 2
Info 114  [13:14:57.847] Starting updateGraphWorker: Project: /home/albert/Documentos/courses/angular/cmp-databinding-start/tsconfig.json
Info 115  [13:14:57.864] Finishing updateGraphWorker: Project: /home/albert/Documentos/courses/angular/cmp-databinding-start/tsconfig.json Version: 17 structureChanged: false Elapsed: 17.36499399971217ms
Info 116  [13:14:57.864] Different program with same set of files:: oldProgram.structureIsReused:: 2
Info 117  [13:14:57.913] Starting updateGraphWorker: Project: /home/albert/Documentos/courses/angular/cmp-databinding-start/tsconfig.json
Info 118  [13:14:57.930] Finishing updateGraphWorker: Project: /home/albert/Documentos/courses/angular/cmp-databinding-start/tsconfig.json Version: 18 structureChanged: false Elapsed: 16.602524999994785ms
Info 119  [13:14:57.930] Different program with same set of files:: oldProgram.structureIsReused:: 2
Info 120  [13:14:58.42] Starting updateGraphWorker: Project: /home/albert/Documentos/courses/angular/cmp-databinding-start/tsconfig.json
Info 121  [13:14:58.61] Finishing updateGraphWorker: Project: /home/albert/Documentos/courses/angular/cmp-databinding-start/tsconfig.json Version: 19 structureChanged: false Elapsed: 18.79495400004089ms
Info 122  [13:14:58.61] Different program with same set of files:: oldProgram.structureIsReused:: 2
Info 123  [13:14:58.250] Starting updateGraphWorker: Project: /home/albert/Documentos/courses/angular/cmp-databinding-start/tsconfig.json
Info 124  [13:14:58.258] Finishing updateGraphWorker: Project: /home/albert/Documentos/courses/angular/cmp-databinding-start/tsconfig.json Version: 20 structureChanged: false Elapsed: 8.136431000195444ms
Info 125  [13:14:58.258] Different program with same set of files:: oldProgram.structureIsReused:: 2
Info 126  [13:14:58.478] Starting updateGraphWorker: Project: /home/albert/Documentos/courses/angular/cmp-databinding-start/tsconfig.json
Info 127  [13:14:58.486] Finishing updateGraphWorker: Project: /home/albert/Documentos/courses/angular/cmp-databinding-start/tsconfig.json Version: 21 structureChanged: false Elapsed: 8.006314999889582ms
Info 128  [13:14:58.486] Different program with same set of files:: oldProgram.structureIsReused:: 2
Info 129  [13:14:58.557] Starting updateGraphWorker: Project: /home/albert/Documentos/courses/angular/cmp-databinding-start/tsconfig.json
Info 130  [13:14:58.573] Finishing updateGraphWorker: Project: /home/albert/Documentos/courses/angular/cmp-databinding-start/tsconfig.json Version: 22 structureChanged: false Elapsed: 15.921598999761045ms
Info 131  [13:14:58.573] Different program with same set of files:: oldProgram.structureIsReused:: 2
Info 132  [13:14:58.669] Starting updateGraphWorker: Project: /home/albert/Documentos/courses/angular/cmp-databinding-start/tsconfig.json
Info 133  [13:14:58.687] Finishing updateGraphWorker: Project: /home/albert/Documentos/courses/angular/cmp-databinding-start/tsconfig.json Version: 23 structureChanged: false Elapsed: 18.294058000203222ms
Info 134  [13:14:58.687] Different program with same set of files:: oldProgram.structureIsReused:: 2
Info 135  [13:14:58.900] Starting updateGraphWorker: Project: /home/albert/Documentos/courses/angular/cmp-databinding-start/tsconfig.json
Info 136  [13:14:58.917] Finishing updateGraphWorker: Project: /home/albert/Documentos/courses/angular/cmp-databinding-start/tsconfig.json Version: 24 structureChanged: false Elapsed: 16.977212000172585ms
Info 137  [13:14:58.917] Different program with same set of files:: oldProgram.structureIsReused:: 2
Info 138  [13:14:58.982] Starting updateGraphWorker: Project: /home/albert/Documentos/courses/angular/cmp-databinding-start/tsconfig.json
Info 139  [13:14:59.1] Finishing updateGraphWorker: Project: /home/albert/Documentos/courses/angular/cmp-databinding-start/tsconfig.json Version: 25 structureChanged: false Elapsed: 18.93393600033596ms
Info 140  [13:14:59.1] Different program with same set of files:: oldProgram.structureIsReused:: 2
Info 141  [13:14:59.109] Starting updateGraphWorker: Project: /home/albert/Documentos/courses/angular/cmp-databinding-start/tsconfig.json
Info 142  [13:14:59.126] Finishing updateGraphWorker: Project: /home/albert/Documentos/courses/angular/cmp-databinding-start/tsconfig.json Version: 26 structureChanged: false Elapsed: 16.367161000147462ms
Info 143  [13:14:59.126] Different program with same set of files:: oldProgram.structureIsReused:: 2
Info 144  [13:14:59.224] Starting updateGraphWorker: Project: /home/albert/Documentos/courses/angular/cmp-databinding-start/tsconfig.json
Info 145  [13:14:59.242] Finishing updateGraphWorker: Project: /home/albert/Documentos/courses/angular/cmp-databinding-start/tsconfig.json Version: 27 structureChanged: false Elapsed: 17.809943999629468ms
Info 146  [13:14:59.242] Different program with same set of files:: oldProgram.structureIsReused:: 2
Info 147  [13:14:59.381] Starting updateGraphWorker: Project: /home/albert/Documentos/courses/angular/cmp-databinding-start/tsconfig.json
Info 148  [13:14:59.397] Finishing updateGraphWorker: Project: /home/albert/Documentos/courses/angular/cmp-databinding-start/tsconfig.json Version: 28 structureChanged: false Elapsed: 16.50310599990189ms
Info 149  [13:14:59.397] Different program with same set of files:: oldProgram.structureIsReused:: 2
Info 150  [13:14:59.504] Starting updateGraphWorker: Project: /home/albert/Documentos/courses/angular/cmp-databinding-start/tsconfig.json
Info 151  [13:14:59.521] Finishing updateGraphWorker: Project: /home/albert/Documentos/courses/angular/cmp-databinding-start/tsconfig.json Version: 29 structureChanged: false Elapsed: 16.114774000365287ms
Info 152  [13:14:59.521] Different program with same set of files:: oldProgram.structureIsReused:: 2
Info 153  [13:14:59.744] Starting updateGraphWorker: Project: /home/albert/Documentos/courses/angular/cmp-databinding-start/tsconfig.json
Info 154  [13:14:59.760] Finishing updateGraphWorker: Project: /home/albert/Documentos/courses/angular/cmp-databinding-start/tsconfig.json Version: 30 structureChanged: false Elapsed: 15.749473999720067ms
Info 155  [13:14:59.760] Different program with same set of files:: oldProgram.structureIsReused:: 2
Info 156  [13:15:0.272] Starting updateGraphWorker: Project: /home/albert/Documentos/courses/angular/cmp-databinding-start/tsconfig.json
Info 157  [13:15:0.289] Finishing updateGraphWorker: Project: /home/albert/Documentos/courses/angular/cmp-databinding-start/tsconfig.json Version: 31 structureChanged: false Elapsed: 17.211032999679446ms
Info 158  [13:15:0.289] Different program with same set of files:: oldProgram.structureIsReused:: 2
Info 159  [13:15:0.389] Starting updateGraphWorker: Project: /home/albert/Documentos/courses/angular/cmp-databinding-start/tsconfig.json
Info 160  [13:15:0.406] Finishing updateGraphWorker: Project: /home/albert/Documentos/courses/angular/cmp-databinding-start/tsconfig.json Version: 32 structureChanged: false Elapsed: 16.456367999780923ms
Info 161  [13:15:0.406] Different program with same set of files:: oldProgram.structureIsReused:: 2
Info 162  [13:15:0.934] Starting updateGraphWorker: Project: /home/albert/Documentos/courses/angular/cmp-databinding-start/tsconfig.json
Info 163  [13:15:0.950] Finishing updateGraphWorker: Project: /home/albert/Documentos/courses/angular/cmp-databinding-start/tsconfig.json Version: 33 structureChanged: false Elapsed: 15.85319000016898ms
Info 164  [13:15:0.950] Different program with same set of files:: oldProgram.structureIsReused:: 2
Info 165  [13:15:3.495] Starting updateGraphWorker: Project: /home/albert/Documentos/courses/angular/cmp-databinding-start/tsconfig.json
Info 166  [13:15:3.510] Finishing updateGraphWorker: Project: /home/albert/Documentos/courses/angular/cmp-databinding-start/tsconfig.json Version: 34 structureChanged: false Elapsed: 15.394724000245333ms
Info 167  [13:15:3.510] Different program with same set of files:: oldProgram.structureIsReused:: 2
Info 168  [13:15:5.247] Starting updateGraphWorker: Project: /home/albert/Documentos/courses/angular/cmp-databinding-start/tsconfig.json
Info 169  [13:15:5.264] Finishing updateGraphWorker: Project: /home/albert/Documentos/courses/angular/cmp-databinding-start/tsconfig.json Version: 35 structureChanged: false Elapsed: 17.28069500019774ms
Info 170  [13:15:5.264] Different program with same set of files:: oldProgram.structureIsReused:: 2
Info 171  [13:15:6.618] Starting updateGraphWorker: Project: /home/albert/Documentos/courses/angular/cmp-databinding-start/tsconfig.json
Info 172  [13:15:6.635] Finishing updateGraphWorker: Project: /home/albert/Documentos/courses/angular/cmp-databinding-start/tsconfig.json Version: 36 structureChanged: false Elapsed: 16.452481999993324ms
Info 173  [13:15:6.635] Different program with same set of files:: oldProgram.structureIsReused:: 2
Info 174  [13:15:6.636] getCompletionData: Get current token: 0.0238149999640882
Info 175  [13:15:6.636] getCompletionData: Is inside comment: 0.04310099966824055
Info 176  [13:15:6.636] getCompletionData: Get previous token 1: 0.03326199995353818
Info 177  [13:15:6.636] getCompletionData: Get previous token 2: 0.028172999620437622
Info 178  [13:15:6.636] getCompletionsAtPosition: isCompletionListBlocker: 0.010418999940156937
Info 179  [13:15:6.645] getSymbolsFromOtherSourceFileExports: Using cached list
Info 180  [13:15:6.675] getCompletionData: Semantic work: 38.84729199996218
Info 181  [13:15:6.700] getCompletionsAtPosition: getCompletionEntriesFromSymbols: 25.53714199969545
Info 182  [13:15:6.709] getCompletionData: Get current token: 0.0092870001681149
Info 183  [13:15:6.709] getCompletionData: Is inside comment: 0.01749299978837371
Info 184  [13:15:6.709] getCompletionData: Get previous token 1: 0.013005000073462725
Info 185  [13:15:6.709] getCompletionData: Get previous token 2: 0.013886000029742718
Info 186  [13:15:6.709] getCompletionsAtPosition: isCompletionListBlocker: 0.002966000232845545
Info 187  [13:15:6.713] getSymbolsFromOtherSourceFileExports: Using cached list
Info 188  [13:15:6.720] getCompletionData: Semantic work: 10.84578699991107
Info 189  [13:15:6.729] getCompletionsAtPosition: getCompletionEntriesFromSymbols: 9.084582000039518
Info 190  [13:15:6.736] getCompletionData: Get current token: 0.009418000001460314
Info 191  [13:15:6.736] getCompletionData: Is inside comment: 0.024978000205010176
Info 192  [13:15:6.736] getCompletionData: Get previous token 1: 0.013235000427812338
Info 193  [13:15:6.736] getCompletionData: Get previous token 2: 0.011522000189870596
Info 194  [13:15:6.736] getCompletionsAtPosition: isCompletionListBlocker: 0.0025150002911686897
Info 195  [13:15:6.739] getSymbolsFromOtherSourceFileExports: Using cached list
Info 196  [13:15:6.742] getCompletionData: Semantic work: 6.139471000060439
Info 197  [13:15:6.750] getCompletionsAtPosition: getCompletionEntriesFromSymbols: 7.864907999988645
Info 198  [13:15:6.756] getCompletionData: Get current token: 0.008446000050753355
Info 199  [13:15:6.756] getCompletionData: Is inside comment: 0.015930000226944685
Info 200  [13:15:6.756] getCompletionData: Get previous token 1: 0.012933999765664339
Info 201  [13:15:6.756] getCompletionData: Get previous token 2: 0.011401999741792679
Info 202  [13:15:6.756] getCompletionsAtPosition: isCompletionListBlocker: 0.0026249997317790985
Info 203  [13:15:6.760] getSymbolsFromOtherSourceFileExports: Using cached list
Info 204  [13:15:6.762] getCompletionData: Semantic work: 5.891704000066966
Info 205  [13:15:6.769] getCompletionsAtPosition: getCompletionEntriesFromSymbols: 6.394011999946088
Info 206  [13:15:6.794] Starting updateGraphWorker: Project: /home/albert/Documentos/courses/angular/cmp-databinding-start/tsconfig.json
Info 207  [13:15:6.801] Finishing updateGraphWorker: Project: /home/albert/Documentos/courses/angular/cmp-databinding-start/tsconfig.json Version: 37 structureChanged: false Elapsed: 6.832329000346363ms
Info 208  [13:15:6.801] Different program with same set of files:: oldProgram.structureIsReused:: 2
Info 209  [13:15:6.802] getCompletionData: Get current token: 0.007584000006318092
Info 210  [13:15:6.802] getCompletionData: Is inside comment: 0.015519000124186277
Info 211  [13:15:6.802] getCompletionData: Get previous token 1: 0.012343000154942274
Info 212  [13:15:6.802] getCompletionData: Get previous token 2: 0.010929999873042107
Info 213  [13:15:6.802] getCompletionsAtPosition: isCompletionListBlocker: 0.007874999660998583
Info 214  [13:15:6.808] getSymbolsFromOtherSourceFileExports: Using cached list
Info 215  [13:15:6.810] getCompletionData: Semantic work: 8.51783199980855
Info 216  [13:15:6.816] getCompletionsAtPosition: getCompletionEntriesFromSymbols: 6.0062390002422035
Info 217  [13:15:7.397] getCompletionData: Get current token: 0.01133099989965558
Info 218  [13:15:7.397] getCompletionData: Is inside comment: 0.022161999717354774
Info 219  [13:15:7.397] getCompletionData: Get previous token 1: 0.0178439998999238
Info 220  [13:15:7.397] getCompletionData: Get previous token 2: 0.019195999950170517
Info 221  [13:15:7.397] getCompletionsAtPosition: isCompletionListBlocker: 0.004959000274538994
Info 222  [13:15:7.402] getSymbolsFromOtherSourceFileExports: Using cached list
Info 223  [13:15:7.405] getCompletionData: Semantic work: 7.4659750000573695
Info 224  [13:15:7.411] getCompletionsAtPosition: getCompletionEntriesFromSymbols: 5.779680999927223
Info 225  [13:15:7.418] getCompletionData: Get current token: 0.011421999894082546
Info 226  [13:15:7.418] getCompletionData: Is inside comment: 0.023032999597489834
Info 227  [13:15:7.418] getCompletionData: Get previous token 1: 0.018685000017285347
Info 228  [13:15:7.418] getCompletionData: Get previous token 2: 0.017051999922841787
Info 229  [13:15:7.418] getCompletionsAtPosition: isCompletionListBlocker: 0.0038569997996091843
Info 230  [13:15:7.422] getSymbolsFromOtherSourceFileExports: Using cached list
Info 231  [13:15:7.424] getCompletionData: Semantic work: 6.045454000122845
Info 232  [13:15:7.429] getCompletionsAtPosition: getCompletionEntriesFromSymbols: 4.168199000414461
Info 233  [13:15:7.435] getCompletionData: Get current token: 0.010559999849647284
Info 234  [13:15:7.435] getCompletionData: Is inside comment: 0.022111000027507544
Info 235  [13:15:7.435] getCompletionData: Get previous token 1: 0.017202999908477068
Info 236  [13:15:7.435] getCompletionData: Get previous token 2: 0.016100000124424696
Info 237  [13:15:7.435] getCompletionsAtPosition: isCompletionListBlocker: 0.003986999858170748
Info 238  [13:15:7.439] getSymbolsFromOtherSourceFileExports: Using cached list
Info 239  [13:15:7.442] getCompletionData: Semantic work: 6.786381999962032
Info 240  [13:15:7.446] getCompletionsAtPosition: getCompletionEntriesFromSymbols: 4.471071999985725
Info 241  [13:15:7.453] Starting updateGraphWorker: Project: /home/albert/Documentos/courses/angular/cmp-databinding-start/tsconfig.json
Info 242  [13:15:7.463] Finishing updateGraphWorker: Project: /home/albert/Documentos/courses/angular/cmp-databinding-start/tsconfig.json Version: 38 structureChanged: false Elapsed: 9.654045999981463ms
Info 243  [13:15:7.463] Different program with same set of files:: oldProgram.structureIsReused:: 2
Info 244  [13:15:7.463] getCompletionData: Get current token: 0.011452000122517347
Info 245  [13:15:7.463] getCompletionData: Is inside comment: 0.034986000042408705
Info 246  [13:15:7.463] getCompletionData: Get previous token 1: 0.019385999999940395
Info 247  [13:15:7.463] getCompletionData: Get previous token 2: 0.016601999755948782
Info 248  [13:15:7.463] getCompletionsAtPosition: isCompletionListBlocker: 0.0032859998755156994
Info 249  [13:15:7.468] getSymbolsFromOtherSourceFileExports: Using cached list
Info 250  [13:15:7.470] getCompletionData: Semantic work: 6.738212000112981
Info 251  [13:15:7.475] getCompletionsAtPosition: getCompletionEntriesFromSymbols: 5.213382000103593
Info 252  [13:15:8.62] Starting updateGraphWorker: Project: /home/albert/Documentos/courses/angular/cmp-databinding-start/tsconfig.json
Info 253  [13:15:8.78] Finishing updateGraphWorker: Project: /home/albert/Documentos/courses/angular/cmp-databinding-start/tsconfig.json Version: 39 structureChanged: false Elapsed: 16.373993000015616ms
Info 254  [13:15:8.78] Different program with same set of files:: oldProgram.structureIsReused:: 2
Info 255  [13:15:8.712] Format host information updated
Info 256  [13:15:8.712] Format host information updated
Info 257  [13:15:8.713] Starting updateGraphWorker: Project: /home/albert/Documentos/courses/angular/cmp-databinding-start/tsconfig.json
Info 258  [13:15:8.728] Finishing updateGraphWorker: Project: /home/albert/Documentos/courses/angular/cmp-databinding-start/tsconfig.json Version: 40 structureChanged: false Elapsed: 15.447394999675453ms
Info 259  [13:15:8.728] Different program with same set of files:: oldProgram.structureIsReused:: 2
Info 260  [13:15:8.729] getCompletionData: Get current token: 0.055794999934732914
Info 261  [13:15:8.729] getCompletionData: Is inside comment: 0.019456999842077494
Info 262  [13:15:8.729] getCompletionData: Get previous token 1: 0.0496239997446537
Info 263  [13:15:8.729] getCompletionData: Get previous token 2: 0.02919499995186925
Info 264  [13:15:8.729] getCompletionsAtPosition: isCompletionListBlocker: 0.006312000099569559
Info 265  [13:15:8.734] getSymbolsFromOtherSourceFileExports: Recomputing list for details entry
Info 266  [13:15:8.779] forEachExternalModuleToImportFrom: filtered out 0 modules by package.json contents
Info 267  [13:15:8.800] forEachExternalModuleToImportFrom: filtered out 0 modules by package.json contents
Info 268  [13:15:8.801] forEachExternalModuleToImportFrom autoImportProvider: 21.052265000063926
Info 269  [13:15:8.801] getSymbolsFromOtherSourceFileExports: 66.97959400014952
Info 270  [13:15:8.803] getCompletionData: Semantic work: 74.1266370001249
Info 271  [13:15:8.805] getCompletionData: Get current token: 0.014467999804764986
Info 272  [13:15:8.805] getCompletionData: Is inside comment: 0.009077000431716442
Info 273  [13:15:8.805] getCompletionData: Get previous token 1: 0.016069999895989895
Info 274  [13:15:8.805] getCompletionData: Get previous token 2: 0.013035000301897526
Info 275  [13:15:8.805] getCompletionsAtPosition: isCompletionListBlocker: 0.0035669999197125435
Info 276  [13:15:8.806] getSymbolsFromOtherSourceFileExports: Recomputing list for details entry
Info 277  [13:15:8.814] forEachExternalModuleToImportFrom: filtered out 0 modules by package.json contents
Info 278  [13:15:8.828] forEachExternalModuleToImportFrom: filtered out 0 modules by package.json contents
Info 279  [13:15:8.828] forEachExternalModuleToImportFrom autoImportProvider: 13.995211999863386
Info 280  [13:15:8.828] getSymbolsFromOtherSourceFileExports: 21.52687200019136
Info 281  [13:15:8.830] getCompletionData: Semantic work: 25.591304999776185
Info 282  [13:15:9.129] Starting updateGraphWorker: Project: /home/albert/Documentos/courses/angular/cmp-databinding-start/tsconfig.json
Info 283  [13:15:9.144] Finishing updateGraphWorker: Project: /home/albert/Documentos/courses/angular/cmp-databinding-start/tsconfig.json Version: 41 structureChanged: false Elapsed: 15.174449000041932ms
Info 284  [13:15:9.145] Different program with same set of files:: oldProgram.structureIsReused:: 2
Info 285  [13:15:9.146] getCompletionData: Get current token: 0.01910600019618869
Info 286  [13:15:9.146] getCompletionData: Is inside comment: 0.043391999788582325
Info 287  [13:15:9.146] getCompletionData: Get previous token 1: 0.035125999711453915
Info 288  [13:15:9.146] getCompletionsAtPosition: isCompletionListBlocker: 0.0056409998796880245
Info 289  [13:15:9.147] getCompletionData: Semantic work: 0.9153180001303554
Info 290  [13:15:9.148] getCompletionsAtPosition: getCompletionEntriesFromSymbols: 0.8030460001900792
Info 291  [13:15:9.551] Starting updateGraphWorker: Project: /home/albert/Documentos/courses/angular/cmp-databinding-start/tsconfig.json
Info 292  [13:15:9.567] Finishing updateGraphWorker: Project: /home/albert/Documentos/courses/angular/cmp-databinding-start/tsconfig.json Version: 42 structureChanged: false Elapsed: 16.14361899998039ms
Info 293  [13:15:9.567] Different program with same set of files:: oldProgram.structureIsReused:: 2
Info 294  [13:15:9.749] Format host information updated
Info 295  [13:15:9.750] Format host information updated
Info 296  [13:15:9.750] Starting updateGraphWorker: Project: /home/albert/Documentos/courses/angular/cmp-databinding-start/tsconfig.json
Info 297  [13:15:9.765] Finishing updateGraphWorker: Project: /home/albert/Documentos/courses/angular/cmp-databinding-start/tsconfig.json Version: 43 structureChanged: false Elapsed: 15.342075000051409ms
Info 298  [13:15:9.765] Different program with same set of files:: oldProgram.structureIsReused:: 2
Info 299  [13:15:9.766] getCompletionData: Get current token: 0.04950299998745322
Info 300  [13:15:9.766] getCompletionData: Is inside comment: 0.011933000292629004
Info 301  [13:15:9.766] getCompletionData: Get previous token 1: 0.05173800000920892
Info 302  [13:15:9.766] getCompletionsAtPosition: isCompletionListBlocker: 0.005820999853312969
Info 303  [13:15:9.767] getCompletionData: Semantic work: 0.651298999786377
Info 304  [13:15:9.798] getCompletionData: Get current token: 0.027912000194191933
Info 305  [13:15:9.798] getCompletionData: Is inside comment: 0.01066999975591898
Info 306  [13:15:9.798] getCompletionData: Get previous token 1: 0.042369999922811985
Info 307  [13:15:9.798] getCompletionsAtPosition: isCompletionListBlocker: 0.00636200001463294
Info 308  [13:15:9.799] getCompletionData: Semantic work: 0.541030999738723
Info 309  [13:15:10.332] Starting updateGraphWorker: Project: /home/albert/Documentos/courses/angular/cmp-databinding-start/tsconfig.json
Info 310  [13:15:10.347] Finishing updateGraphWorker: Project: /home/albert/Documentos/courses/angular/cmp-databinding-start/tsconfig.json Version: 44 structureChanged: false Elapsed: 15.615922000259161ms
Info 311  [13:15:10.347] Different program with same set of files:: oldProgram.structureIsReused:: 2
Info 312  [13:15:10.964] Starting updateGraphWorker: Project: /home/albert/Documentos/courses/angular/cmp-databinding-start/tsconfig.json
Info 313  [13:15:10.980] Finishing updateGraphWorker: Project: /home/albert/Documentos/courses/angular/cmp-databinding-start/tsconfig.json Version: 45 structureChanged: false Elapsed: 15.730288000311702ms
Info 314  [13:15:10.980] Different program with same set of files:: oldProgram.structureIsReused:: 2
Info 315  [13:15:12.545] Starting updateGraphWorker: Project: /home/albert/Documentos/courses/angular/cmp-databinding-start/tsconfig.json
Info 316  [13:15:12.561] Finishing updateGraphWorker: Project: /home/albert/Documentos/courses/angular/cmp-databinding-start/tsconfig.json Version: 46 structureChanged: false Elapsed: 15.889589000027627ms
Info 317  [13:15:12.562] Different program with same set of files:: oldProgram.structureIsReused:: 2
Info 318  [13:15:12.722] Starting updateGraphWorker: Project: /home/albert/Documentos/courses/angular/cmp-databinding-start/tsconfig.json
Info 319  [13:15:12.738] Finishing updateGraphWorker: Project: /home/albert/Documentos/courses/angular/cmp-databinding-start/tsconfig.json Version: 47 structureChanged: false Elapsed: 15.7018149998039ms
Info 320  [13:15:12.738] Different program with same set of files:: oldProgram.structureIsReused:: 2
Info 321  [13:15:13.94] Starting updateGraphWorker: Project: /home/albert/Documentos/courses/angular/cmp-databinding-start/tsconfig.json
Info 322  [13:15:13.110] Finishing updateGraphWorker: Project: /home/albert/Documentos/courses/angular/cmp-databinding-start/tsconfig.json Version: 48 structureChanged: false Elapsed: 15.995509000029415ms
Info 323  [13:15:13.111] Different program with same set of files:: oldProgram.structureIsReused:: 2
Info 324  [13:15:13.326] Starting updateGraphWorker: Project: /home/albert/Documentos/courses/angular/cmp-databinding-start/tsconfig.json
Info 325  [13:15:13.342] Finishing updateGraphWorker: Project: /home/albert/Documentos/courses/angular/cmp-databinding-start/tsconfig.json Version: 49 structureChanged: false Elapsed: 16.043479999992996ms
Info 326  [13:15:13.342] Different program with same set of files:: oldProgram.structureIsReused:: 2
Info 327  [13:15:13.631] Starting updateGraphWorker: Project: /home/albert/Documentos/courses/angular/cmp-databinding-start/tsconfig.json
Info 328  [13:15:13.646] Finishing updateGraphWorker: Project: /home/albert/Documentos/courses/angular/cmp-databinding-start/tsconfig.json Version: 50 structureChanged: false Elapsed: 15.110257999971509ms
Info 329  [13:15:13.646] Different program with same set of files:: oldProgram.structureIsReused:: 2
Info 330  [13:15:14.243] Starting updateGraphWorker: Project: /home/albert/Documentos/courses/angular/cmp-databinding-start/tsconfig.json
Info 331  [13:15:14.261] Finishing updateGraphWorker: Project: /home/albert/Documentos/courses/angular/cmp-databinding-start/tsconfig.json Version: 51 structureChanged: false Elapsed: 17.260637000203133ms
Info 332  [13:15:14.261] Different program with same set of files:: oldProgram.structureIsReused:: 2
Info 333  [13:15:14.395] Starting updateGraphWorker: Project: /home/albert/Documentos/courses/angular/cmp-databinding-start/tsconfig.json
Info 334  [13:15:14.411] Finishing updateGraphWorker: Project: /home/albert/Documentos/courses/angular/cmp-databinding-start/tsconfig.json Version: 52 structureChanged: false Elapsed: 15.764742999803275ms
Info 335  [13:15:14.411] Different program with same set of files:: oldProgram.structureIsReused:: 2
Info 336  [13:15:14.635] Starting updateGraphWorker: Project: /home/albert/Documentos/courses/angular/cmp-databinding-start/tsconfig.json
Info 337  [13:15:14.652] Finishing updateGraphWorker: Project: /home/albert/Documentos/courses/angular/cmp-databinding-start/tsconfig.json Version: 53 structureChanged: false Elapsed: 17.388107999693602ms
Info 338  [13:15:14.652] Different program with same set of files:: oldProgram.structureIsReused:: 2
Info 339  [13:15:15.464] Starting updateGraphWorker: Project: /home/albert/Documentos/courses/angular/cmp-databinding-start/tsconfig.json
Info 340  [13:15:15.483] Finishing updateGraphWorker: Project: /home/albert/Documentos/courses/angular/cmp-databinding-start/tsconfig.json Version: 54 structureChanged: false Elapsed: 19.032773000188172ms
Info 341  [13:15:15.483] Different program with same set of files:: oldProgram.structureIsReused:: 2
Info 342  [13:15:15.655] Starting updateGraphWorker: Project: /home/albert/Documentos/courses/angular/cmp-databinding-start/tsconfig.json
Info 343  [13:15:15.676] Finishing updateGraphWorker: Project: /home/albert/Documentos/courses/angular/cmp-databinding-start/tsconfig.json Version: 55 structureChanged: false Elapsed: 20.72441800031811ms
Info 344  [13:15:15.676] Different program with same set of files:: oldProgram.structureIsReused:: 2
Info 345  [13:15:15.751] Starting updateGraphWorker: Project: /home/albert/Documentos/courses/angular/cmp-databinding-start/tsconfig.json
Info 346  [13:15:15.768] Finishing updateGraphWorker: Project: /home/albert/Documentos/courses/angular/cmp-databinding-start/tsconfig.json Version: 56 structureChanged: false Elapsed: 17.069356999825686ms
Info 347  [13:15:15.768] Different program with same set of files:: oldProgram.structureIsReused:: 2
Info 348  [13:15:16.243] Starting updateGraphWorker: Project: /home/albert/Documentos/courses/angular/cmp-databinding-start/tsconfig.json
Info 349  [13:15:16.262] Finishing updateGraphWorker: Project: /home/albert/Documentos/courses/angular/cmp-databinding-start/tsconfig.json Version: 57 structureChanged: false Elapsed: 19.075184000190347ms
Info 350  [13:15:16.262] Different program with same set of files:: oldProgram.structureIsReused:: 2
Info 351  [13:15:16.391] Starting updateGraphWorker: Project: /home/albert/Documentos/courses/angular/cmp-databinding-start/tsconfig.json
Info 352  [13:15:16.412] Finishing updateGraphWorker: Project: /home/albert/Documentos/courses/angular/cmp-databinding-start/tsconfig.json Version: 58 structureChanged: false Elapsed: 21.25157199986279ms
Info 353  [13:15:16.413] Different program with same set of files:: oldProgram.structureIsReused:: 2
Info 354  [13:15:16.519] Starting updateGraphWorker: Project: /home/albert/Documentos/courses/angular/cmp-databinding-start/tsconfig.json
Info 355  [13:15:16.537] Finishing updateGraphWorker: Project: /home/albert/Documentos/courses/angular/cmp-databinding-start/tsconfig.json Version: 59 structureChanged: false Elapsed: 17.52644899999723ms
Info 356  [13:15:16.537] Different program with same set of files:: oldProgram.structureIsReused:: 2
Info 357  [13:15:16.679] Starting updateGraphWorker: Project: /home/albert/Documentos/courses/angular/cmp-databinding-start/tsconfig.json
Info 358  [13:15:16.699] Finishing updateGraphWorker: Project: /home/albert/Documentos/courses/angular/cmp-databinding-start/tsconfig.json Version: 60 structureChanged: false Elapsed: 20.485496000386775ms
Info 359  [13:15:16.699] Different program with same set of files:: oldProgram.structureIsReused:: 2
Info 360  [13:15:17.476] Starting updateGraphWorker: Project: /home/albert/Documentos/courses/angular/cmp-databinding-start/tsconfig.json
Info 361  [13:15:17.498] Finishing updateGraphWorker: Project: /home/albert/Documentos/courses/angular/cmp-databinding-start/tsconfig.json Version: 61 structureChanged: false Elapsed: 21.526010000146925ms
Info 362  [13:15:17.498] Different program with same set of files:: oldProgram.structureIsReused:: 2
Info 363  [13:15:19.419] Starting updateGraphWorker: Project: /home/albert/Documentos/courses/angular/cmp-databinding-start/tsconfig.json
Info 364  [13:15:19.441] Finishing updateGraphWorker: Project: /home/albert/Documentos/courses/angular/cmp-databinding-start/tsconfig.json Version: 62 structureChanged: false Elapsed: 22.008431000169367ms
Info 365  [13:15:19.442] Different program with same set of files:: oldProgram.structureIsReused:: 2
Info 366  [13:16:1.312] Starting updateGraphWorker: Project: /home/albert/Documentos/courses/angular/cmp-databinding-start/tsconfig.json
Info 367  [13:16:1.337] Finishing updateGraphWorker: Project: /home/albert/Documentos/courses/angular/cmp-databinding-start/tsconfig.json Version: 63 structureChanged: false Elapsed: 24.82746500009671ms
Info 368  [13:16:1.337] Different program with same set of files:: oldProgram.structureIsReused:: 2
Info 369  [13:16:1.585] Starting updateGraphWorker: Project: /home/albert/Documentos/courses/angular/cmp-databinding-start/tsconfig.json
Info 370  [13:16:1.600] Finishing updateGraphWorker: Project: /home/albert/Documentos/courses/angular/cmp-databinding-start/tsconfig.json Version: 64 structureChanged: false Elapsed: 15.366903999820352ms
Info 371  [13:16:1.600] Different program with same set of files:: oldProgram.structureIsReused:: 2
Info 372  [13:16:1.610] Starting updateGraphWorker: Project: /home/albert/Documentos/courses/angular/cmp-databinding-start/tsconfig.json
Info 373  [13:16:1.621] Finishing updateGraphWorker: Project: /home/albert/Documentos/courses/angular/cmp-databinding-start/tsconfig.json Version: 65 structureChanged: false Elapsed: 10.896583000198007ms
Info 374  [13:16:1.621] Different program with same set of files:: oldProgram.structureIsReused:: 2
Info 375  [13:16:1.806] getCompletionData: Get current token: 0.005019000265747309
Info 376  [13:16:1.806] getCompletionData: Is inside comment: 0.011762000154703856
Info 377  [13:16:1.806] getCompletionData: Get previous token 1: 0.008475999813526869
Info 378  [13:16:1.806] getCompletionData: Get previous token 2: 0.015570000279694796
Info 379  [13:16:1.806] getCompletionsAtPosition: isCompletionListBlocker: 0.013294999953359365
Info 380  [13:16:1.811] getSymbolsFromOtherSourceFileExports: Using cached list
Info 381  [13:16:1.825] getCompletionData: Semantic work: 18.845991000067443
Info 382  [13:16:1.838] getCompletionsAtPosition: getCompletionEntriesFromSymbols: 12.963966999668628
Info 383  [13:16:2.422] Starting updateGraphWorker: Project: /home/albert/Documentos/courses/angular/cmp-databinding-start/tsconfig.json
Info 384  [13:16:2.441] Finishing updateGraphWorker: Project: /home/albert/Documentos/courses/angular/cmp-databinding-start/tsconfig.json Version: 66 structureChanged: false Elapsed: 18.553119000047445ms
Info 385  [13:16:2.441] Different program with same set of files:: oldProgram.structureIsReused:: 2
Info 386  [13:16:3.7] Starting updateGraphWorker: Project: /home/albert/Documentos/courses/angular/cmp-databinding-start/tsconfig.json
Info 387  [13:16:3.25] Finishing updateGraphWorker: Project: /home/albert/Documentos/courses/angular/cmp-databinding-start/tsconfig.json Version: 67 structureChanged: false Elapsed: 18.274732999969274ms
Info 388  [13:16:3.25] Different program with same set of files:: oldProgram.structureIsReused:: 2
Info 389  [13:16:3.430] Starting updateGraphWorker: Project: /home/albert/Documentos/courses/angular/cmp-databinding-start/tsconfig.json
Info 390  [13:16:3.448] Finishing updateGraphWorker: Project: /home/albert/Documentos/courses/angular/cmp-databinding-start/tsconfig.json Version: 68 structureChanged: false Elapsed: 18.24173100013286ms
Info 391  [13:16:3.448] Different program with same set of files:: oldProgram.structureIsReused:: 2
Info 392  [13:16:3.902] Format host information updated
Info 393  [13:16:3.903] Format host information updated
Info 394  [13:16:3.903] Starting updateGraphWorker: Project: /home/albert/Documentos/courses/angular/cmp-databinding-start/tsconfig.json
Info 395  [13:16:3.922] Finishing updateGraphWorker: Project: /home/albert/Documentos/courses/angular/cmp-databinding-start/tsconfig.json Version: 69 structureChanged: false Elapsed: 18.401703000068665ms
Info 396  [13:16:3.922] Different program with same set of files:: oldProgram.structureIsReused:: 2
Info 397  [13:16:3.923] getCompletionData: Get current token: 0.05669700028374791
Info 398  [13:16:3.923] getCompletionData: Is inside comment: 0.01698199985548854
Info 399  [13:16:3.923] getCompletionData: Get previous token 1: 0.0410279999487102
Info 400  [13:16:3.923] getCompletionData: Get previous token 2: 0.03417500015348196
Info 401  [13:16:3.923] getCompletionsAtPosition: isCompletionListBlocker: 0.025086999870836735
Info 402  [13:16:3.930] getSymbolsFromOtherSourceFileExports: Recomputing list for details entry
Info 403  [13:16:3.945] forEachExternalModuleToImportFrom: filtered out 0 modules by package.json contents
Info 404  [13:16:3.970] forEachExternalModuleToImportFrom: filtered out 0 modules by package.json contents
Info 405  [13:16:3.970] forEachExternalModuleToImportFrom autoImportProvider: 24.80729699973017
Info 406  [13:16:3.970] getSymbolsFromOtherSourceFileExports: 40.34593500010669
Info 407  [13:16:3.993] getCompletionData: Semantic work: 70.21803499991074
Info 408  [13:16:4.9] forEachExternalModuleToImportFrom: filtered out 0 modules by package.json contents
Info 409  [13:16:4.21] forEachExternalModuleToImportFrom: filtered out 0 modules by package.json contents
Info 410  [13:16:4.21] forEachExternalModuleToImportFrom autoImportProvider: 11.844883000012487
Info 411  [13:16:4.35] getCompletionData: Get current token: 0.013805999886244535
Info 412  [13:16:4.35] getCompletionData: Is inside comment: 0.00636200001463294
Info 413  [13:16:4.35] getCompletionData: Get previous token 1: 0.016691000200808048
Info 414  [13:16:4.35] getCompletionData: Get previous token 2: 0.016220000106841326
Info 415  [13:16:4.35] getCompletionsAtPosition: isCompletionListBlocker: 0.013445999938994646
Info 416  [13:16:4.38] getSymbolsFromOtherSourceFileExports: Recomputing list for details entry
Info 417  [13:16:4.44] forEachExternalModuleToImportFrom: filtered out 0 modules by package.json contents
Info 418  [13:16:4.53] forEachExternalModuleToImportFrom: filtered out 0 modules by package.json contents
Info 419  [13:16:4.54] forEachExternalModuleToImportFrom autoImportProvider: 9.484157000202686
Info 420  [13:16:4.54] getSymbolsFromOtherSourceFileExports: 16.017752999905497
Info 421  [13:16:4.66] getCompletionData: Semantic work: 31.168226999696344
Info 422  [13:16:4.76] forEachExternalModuleToImportFrom: filtered out 0 modules by package.json contents
Info 423  [13:16:4.89] forEachExternalModuleToImportFrom: filtered out 0 modules by package.json contents
Info 424  [13:16:4.89] forEachExternalModuleToImportFrom autoImportProvider: 12.667556999716908
Info 425  [13:16:4.240] Starting updateGraphWorker: Project: /home/albert/Documentos/courses/angular/cmp-databinding-start/tsconfig.json
Info 426  [13:16:4.252] Finishing updateGraphWorker: Project: /home/albert/Documentos/courses/angular/cmp-databinding-start/tsconfig.json Version: 70 structureChanged: false Elapsed: 12.2034200001508ms
Info 427  [13:16:4.252] Different program with same set of files:: oldProgram.structureIsReused:: 2
Info 428  [13:16:4.440] forEachExternalModuleToImportFrom: filtered out 0 modules by package.json contents
Info 429  [13:16:10.800] Starting updateGraphWorker: Project: /home/albert/Documentos/courses/angular/cmp-databinding-start/tsconfig.json
Info 430  [13:16:10.821] Finishing updateGraphWorker: Project: /home/albert/Documentos/courses/angular/cmp-databinding-start/tsconfig.json Version: 71 structureChanged: false Elapsed: 20.6321549997665ms
Info 431  [13:16:10.821] Different program with same set of files:: oldProgram.structureIsReused:: 2
Info 432  [13:16:11.99] Starting updateGraphWorker: Project: /home/albert/Documentos/courses/angular/cmp-databinding-start/tsconfig.json
Info 433  [13:16:11.110] Finishing updateGraphWorker: Project: /home/albert/Documentos/courses/angular/cmp-databinding-start/tsconfig.json Version: 72 structureChanged: false Elapsed: 10.567731999792159ms
Info 434  [13:16:11.110] Different program with same set of files:: oldProgram.structureIsReused:: 2
Info 435  [13:16:16.771] Starting updateGraphWorker: Project: /home/albert/Documentos/courses/angular/cmp-databinding-start/tsconfig.json
Info 436  [13:16:16.792] Finishing updateGraphWorker: Project: /home/albert/Documentos/courses/angular/cmp-databinding-start/tsconfig.json Version: 73 structureChanged: false Elapsed: 21.3961479999125ms
Info 437  [13:16:16.792] Different program with same set of files:: oldProgram.structureIsReused:: 2
Info 438  [13:16:16.793] getCompletionData: Get current token: 0.017051999922841787
Info 439  [13:16:16.793] getCompletionData: Is inside comment: 0.02843299973756075
Info 440  [13:16:16.793] getCompletionData: Get previous token 1: 0.019567000214010477
Info 441  [13:16:16.793] getCompletionData: Get previous token 2: 0.07620400004088879
Info 442  [13:16:16.794] getCompletionsAtPosition: isCompletionListBlocker: 0.02427599998190999
Info 443  [13:16:16.796] getCompletionData: Semantic work: 2.055329999886453
Info 444  [13:16:16.796] getCompletionsAtPosition: getCompletionEntriesFromSymbols: 0.14291899977251887
Info 445  [13:16:17.569] Format host information updated
Info 446  [13:16:17.570] Format host information updated
Info 447  [13:16:17.570] Starting updateGraphWorker: Project: /home/albert/Documentos/courses/angular/cmp-databinding-start/tsconfig.json
Info 448  [13:16:17.590] Finishing updateGraphWorker: Project: /home/albert/Documentos/courses/angular/cmp-databinding-start/tsconfig.json Version: 74 structureChanged: false Elapsed: 20.213583999779075ms
Info 449  [13:16:17.590] Different program with same set of files:: oldProgram.structureIsReused:: 2
Info 450  [13:16:17.591] getCompletionData: Get current token: 0.043302000034600496
Info 451  [13:16:17.591] getCompletionData: Is inside comment: 0.013724999967962503
Info 452  [13:16:17.591] getCompletionData: Get previous token 1: 0.030728000216186047
Info 453  [13:16:17.591] getCompletionData: Get previous token 2: 0.07909899996593595
Info 454  [13:16:17.591] getCompletionsAtPosition: isCompletionListBlocker: 0.04032599972561002
Info 455  [13:16:17.593] getCompletionData: Semantic work: 1.9452530001290143
Info 456  [13:16:17.634] getCompletionData: Get current token: 0.04635700024664402
Info 457  [13:16:17.634] getCompletionData: Is inside comment: 0.015178000088781118
Info 458  [13:16:17.634] getCompletionData: Get previous token 1: 0.03523699985817075
Info 459  [13:16:17.635] getCompletionData: Get previous token 2: 0.05485299974679947
Info 460  [13:16:17.635] getCompletionsAtPosition: isCompletionListBlocker: 0.03376400005072355
Info 461  [13:16:17.635] getCompletionData: Semantic work: 0.5585839999839664
Info 462  [13:16:18.322] Starting updateGraphWorker: Project: /home/albert/Documentos/courses/angular/cmp-databinding-start/tsconfig.json
Info 463  [13:16:18.345] Finishing updateGraphWorker: Project: /home/albert/Documentos/courses/angular/cmp-databinding-start/tsconfig.json Version: 75 structureChanged: false Elapsed: 22.340499999932945ms
Info 464  [13:16:18.345] Different program with same set of files:: oldProgram.structureIsReused:: 2
Info 465  [13:16:19.548] Starting updateGraphWorker: Project: /home/albert/Documentos/courses/angular/cmp-databinding-start/tsconfig.json
Info 466  [13:16:19.572] Finishing updateGraphWorker: Project: /home/albert/Documentos/courses/angular/cmp-databinding-start/tsconfig.json Version: 76 structureChanged: false Elapsed: 23.675480999983847ms
Info 467  [13:16:19.572] Different program with same set of files:: oldProgram.structureIsReused:: 2
Info 468  [13:16:22.373] Starting updateGraphWorker: Project: /home/albert/Documentos/courses/angular/cmp-databinding-start/tsconfig.json
Info 469  [13:16:22.405] Finishing updateGraphWorker: Project: /home/albert/Documentos/courses/angular/cmp-databinding-start/tsconfig.json Version: 77 structureChanged: false Elapsed: 31.87406100006774ms
Info 470  [13:16:22.405] Different program with same set of files:: oldProgram.structureIsReused:: 2
Info 471  [13:16:26.445] forEachExternalModuleToImportFrom: filtered out 26 modules by package.json contents
Info 472  [13:16:26.483] forEachExternalModuleToImportFrom: filtered out 0 modules by package.json contents
Info 473  [13:16:26.483] forEachExternalModuleToImportFrom autoImportProvider: 37.12309100013226
Info 474  [13:16:26.488] Starting updateGraphWorker: Project: /home/albert/Documentos/courses/angular/cmp-databinding-start/tsconfig.json
Info 475  [13:16:26.496] Finishing updateGraphWorker: Project: /home/albert/Documentos/courses/angular/cmp-databinding-start/tsconfig.json Version: 78 structureChanged: false Elapsed: 7.164998000022024ms
Info 476  [13:16:26.496] Different program with same set of files:: oldProgram.structureIsReused:: 2
Info 477  [13:16:26.649] Starting updateGraphWorker: Project: /home/albert/Documentos/courses/angular/cmp-databinding-start/tsconfig.json
Info 478  [13:16:26.658] Finishing updateGraphWorker: Project: /home/albert/Documentos/courses/angular/cmp-databinding-start/tsconfig.json Version: 79 structureChanged: false Elapsed: 9.352979000192136ms
Info 479  [13:16:26.658] Different program with same set of files:: oldProgram.structureIsReused:: 2
Info 480  [14:24:10.647] Search path: /home/albert/Documentos/courses/angular/cmp-databinding-start/src/app
Info 481  [14:24:10.647] For info: /home/albert/Documentos/courses/angular/cmp-databinding-start/src/app/app.module.ts :: Config file name: /home/albert/Documentos/courses/angular/cmp-databinding-start/tsconfig.json
Info 482  [14:24:12.99] Starting updateGraphWorker: Project: /home/albert/Documentos/courses/angular/cmp-databinding-start/tsconfig.json
Info 483  [14:24:12.109] Finishing updateGraphWorker: Project: /home/albert/Documentos/courses/angular/cmp-databinding-start/tsconfig.json Version: 80 structureChanged: false Elapsed: 9.772475000470877ms
Info 484  [14:24:12.109] Different program with same set of files:: oldProgram.structureIsReused:: 2
Info 485  [14:24:12.785] Starting updateGraphWorker: Project: /home/albert/Documentos/courses/angular/cmp-databinding-start/tsconfig.json
Info 486  [14:24:12.811] Finishing updateGraphWorker: Project: /home/albert/Documentos/courses/angular/cmp-databinding-start/tsconfig.json Version: 81 structureChanged: false Elapsed: 25.819951999932528ms
Info 487  [14:24:12.811] Different program with same set of files:: oldProgram.structureIsReused:: 2
Info 488  [14:24:14.334] DirectoryWatcher:: Triggered with /home/albert/Documentos/courses/angular/cmp-databinding-start/src/app/flycheck_app.module.ts 0:: WatchInfo: /home/albert/Documentos/courses/angular/cmp-databinding-start 1 undefined Project: /home/albert/Documentos/courses/angular/cmp-databinding-start/tsconfig.json WatchType: Wild card directory
Info 489  [14:24:14.337] Elapsed:: 2.0640479996800423ms DirectoryWatcher:: Triggered with /home/albert/Documentos/courses/angular/cmp-databinding-start/src/app/flycheck_app.module.ts 0:: WatchInfo: /home/albert/Documentos/courses/angular/cmp-databinding-start 1 undefined Project: /home/albert/Documentos/courses/angular/cmp-databinding-start/tsconfig.json WatchType: Wild card directory
Info 490  [14:24:14.337] DirectoryWatcher:: Triggered with /home/albert/Documentos/courses/angular/cmp-databinding-start/src/app/flycheck_app.module.ts 1:: WatchInfo: /home/albert/Documentos/courses/angular/cmp-databinding-start 1 undefined Project: /home/albert/Documentos/courses/angular/cmp-databinding-start/tsconfig.json WatchType: Wild card directory
Info 491  [14:24:14.337] Elapsed:: 0.46188300009816885ms DirectoryWatcher:: Triggered with /home/albert/Documentos/courses/angular/cmp-databinding-start/src/app/flycheck_app.module.ts 1:: WatchInfo: /home/albert/Documentos/courses/angular/cmp-databinding-start 1 undefined Project: /home/albert/Documentos/courses/angular/cmp-databinding-start/tsconfig.json WatchType: Wild card directory
Info 492  [14:24:14.337] DirectoryWatcher:: Triggered with /home/albert/Documentos/courses/angular/cmp-databinding-start/src/app/flycheck_app.module.ts 2:: WatchInfo: /home/albert/Documentos/courses/angular/cmp-databinding-start 1 undefined Project: /home/albert/Documentos/courses/angular/cmp-databinding-start/tsconfig.json WatchType: Wild card directory
Info 493  [14:24:14.338] Elapsed:: 0.2947670007124543ms DirectoryWatcher:: Triggered with /home/albert/Documentos/courses/angular/cmp-databinding-start/src/app/flycheck_app.module.ts 2:: WatchInfo: /home/albert/Documentos/courses/angular/cmp-databinding-start 1 undefined Project: /home/albert/Documentos/courses/angular/cmp-databinding-start/tsconfig.json WatchType: Wild card directory
Info 494  [14:24:14.338] DirectoryWatcher:: Triggered with /home/albert/Documentos/courses/angular/cmp-databinding-start/src/app/flycheck_app.module.ts 3:: WatchInfo: /home/albert/Documentos/courses/angular/cmp-databinding-start 1 undefined Project: /home/albert/Documentos/courses/angular/cmp-databinding-start/tsconfig.json WatchType: Wild card directory
Info 495  [14:24:14.338] Elapsed:: 0.29715099930763245ms DirectoryWatcher:: Triggered with /home/albert/Documentos/courses/angular/cmp-databinding-start/src/app/flycheck_app.module.ts 3:: WatchInfo: /home/albert/Documentos/courses/angular/cmp-databinding-start 1 undefined Project: /home/albert/Documentos/courses/angular/cmp-databinding-start/tsconfig.json WatchType: Wild card directory
Info 496  [14:24:14.338] DirectoryWatcher:: Triggered with /home/albert/Documentos/courses/angular/cmp-databinding-start/src/app/flycheck_app.module.ts 4:: WatchInfo: /home/albert/Documentos/courses/angular/cmp-databinding-start 1 undefined Project: /home/albert/Documentos/courses/angular/cmp-databinding-start/tsconfig.json WatchType: Wild card directory
Info 497  [14:24:14.338] Elapsed:: 0.2698800005018711ms DirectoryWatcher:: Triggered with /home/albert/Documentos/courses/angular/cmp-databinding-start/src/app/flycheck_app.module.ts 4:: WatchInfo: /home/albert/Documentos/courses/angular/cmp-databinding-start 1 undefined Project: /home/albert/Documentos/courses/angular/cmp-databinding-start/tsconfig.json WatchType: Wild card directory
Info 498  [14:24:14.338] DirectoryWatcher:: Triggered with /home/albert/Documentos/courses/angular/cmp-databinding-start/src/app/flycheck_app.module.ts 5:: WatchInfo: /home/albert/Documentos/courses/angular/cmp-databinding-start 1 undefined Project: /home/albert/Documentos/courses/angular/cmp-databinding-start/tsconfig.json WatchType: Wild card directory
Info 499  [14:24:14.339] Elapsed:: 0.2612829999998212ms DirectoryWatcher:: Triggered with /home/albert/Documentos/courses/angular/cmp-databinding-start/src/app/flycheck_app.module.ts 5:: WatchInfo: /home/albert/Documentos/courses/angular/cmp-databinding-start 1 undefined Project: /home/albert/Documentos/courses/angular/cmp-databinding-start/tsconfig.json WatchType: Wild card directory
Info 500  [14:24:14.339] DirectoryWatcher:: Triggered with /home/albert/Documentos/courses/angular/cmp-databinding-start/src/app/flycheck_app.module.ts 6:: WatchInfo: /home/albert/Documentos/courses/angular/cmp-databinding-start 1 undefined Project: /home/albert/Documentos/courses/angular/cmp-databinding-start/tsconfig.json WatchType: Wild card directory
Info 501  [14:24:14.339] Elapsed:: 0.26294600032269955ms DirectoryWatcher:: Triggered with /home/albert/Documentos/courses/angular/cmp-databinding-start/src/app/flycheck_app.module.ts 6:: WatchInfo: /home/albert/Documentos/courses/angular/cmp-databinding-start 1 undefined Project: /home/albert/Documentos/courses/angular/cmp-databinding-start/tsconfig.json WatchType: Wild card directory
Info 502  [14:24:14.339] DirectoryWatcher:: Triggered with /home/albert/Documentos/courses/angular/cmp-databinding-start/src/app/flycheck_app.module.ts 7:: WatchInfo: /home/albert/Documentos/courses/angular/cmp-databinding-start 1 undefined Project: /home/albert/Documentos/courses/angular/cmp-databinding-start/tsconfig.json WatchType: Wild card directory
Info 503  [14:24:14.339] Elapsed:: 0.2557630008086562ms DirectoryWatcher:: Triggered with /home/albert/Documentos/courses/angular/cmp-databinding-start/src/app/flycheck_app.module.ts 7:: WatchInfo: /home/albert/Documentos/courses/angular/cmp-databinding-start 1 undefined Project: /home/albert/Documentos/courses/angular/cmp-databinding-start/tsconfig.json WatchType: Wild card directory
Info 504  [14:24:14.339] DirectoryWatcher:: Triggered with /home/albert/Documentos/courses/angular/cmp-databinding-start/src/app/flycheck_app.module.ts 0:: WatchInfo: /home/albert/Documentos/courses/angular/cmp-databinding-start/src 1 undefined Project: /home/albert/Documentos/courses/angular/cmp-databinding-start/tsconfig.json WatchType: Failed Lookup Locations
Info 505  [14:24:14.340] Elapsed:: 0.689070999622345ms DirectoryWatcher:: Triggered with /home/albert/Documentos/courses/angular/cmp-databinding-start/src/app/flycheck_app.module.ts 0:: WatchInfo: /home/albert/Documentos/courses/angular/cmp-databinding-start/src 1 undefined Project: /home/albert/Documentos/courses/angular/cmp-databinding-start/tsconfig.json WatchType: Failed Lookup Locations
Info 506  [14:24:14.340] DirectoryWatcher:: Triggered with /home/albert/Documentos/courses/angular/cmp-databinding-start/src/app/flycheck_app.module.ts 1:: WatchInfo: /home/albert/Documentos/courses/angular/cmp-databinding-start/src 1 undefined Project: /home/albert/Documentos/courses/angular/cmp-databinding-start/tsconfig.json WatchType: Failed Lookup Locations
Info 507  [14:24:14.341] Elapsed:: 0.2094750003889203ms DirectoryWatcher:: Triggered with /home/albert/Documentos/courses/angular/cmp-databinding-start/src/app/flycheck_app.module.ts 1:: WatchInfo: /home/albert/Documentos/courses/angular/cmp-databinding-start/src 1 undefined Project: /home/albert/Documentos/courses/angular/cmp-databinding-start/tsconfig.json WatchType: Failed Lookup Locations
Info 508  [14:24:14.341] DirectoryWatcher:: Triggered with /home/albert/Documentos/courses/angular/cmp-databinding-start/src/app/flycheck_app.module.ts 2:: WatchInfo: /home/albert/Documentos/courses/angular/cmp-databinding-start/src 1 undefined Project: /home/albert/Documentos/courses/angular/cmp-databinding-start/tsconfig.json WatchType: Failed Lookup Locations
Info 509  [14:24:14.341] Elapsed:: 0.18024100083857775ms DirectoryWatcher:: Triggered with /home/albert/Documentos/courses/angular/cmp-databinding-start/src/app/flycheck_app.module.ts 2:: WatchInfo: /home/albert/Documentos/courses/angular/cmp-databinding-start/src 1 undefined Project: /home/albert/Documentos/courses/angular/cmp-databinding-start/tsconfig.json WatchType: Failed Lookup Locations
Info 510  [14:24:14.341] DirectoryWatcher:: Triggered with /home/albert/Documentos/courses/angular/cmp-databinding-start/src/app/flycheck_app.module.ts 3:: WatchInfo: /home/albert/Documentos/courses/angular/cmp-databinding-start/src 1 undefined Project: /home/albert/Documentos/courses/angular/cmp-databinding-start/tsconfig.json WatchType: Failed Lookup Locations
Info 511  [14:24:14.341] Elapsed:: 0.1754909995943308ms DirectoryWatcher:: Triggered with /home/albert/Documentos/courses/angular/cmp-databinding-start/src/app/flycheck_app.module.ts 3:: WatchInfo: /home/albert/Documentos/courses/angular/cmp-databinding-start/src 1 undefined Project: /home/albert/Documentos/courses/angular/cmp-databinding-start/tsconfig.json WatchType: Failed Lookup Locations
Info 512  [14:24:14.341] DirectoryWatcher:: Triggered with /home/albert/Documentos/courses/angular/cmp-databinding-start/src/app/flycheck_app.module.ts 4:: WatchInfo: /home/albert/Documentos/courses/angular/cmp-databinding-start/src 1 undefined Project: /home/albert/Documentos/courses/angular/cmp-databinding-start/tsconfig.json WatchType: Failed Lookup Locations
Info 513  [14:24:14.342] Elapsed:: 0.16203599981963634ms DirectoryWatcher:: Triggered with /home/albert/Documentos/courses/angular/cmp-databinding-start/src/app/flycheck_app.module.ts 4:: WatchInfo: /home/albert/Documentos/courses/angular/cmp-databinding-start/src 1 undefined Project: /home/albert/Documentos/courses/angular/cmp-databinding-start/tsconfig.json WatchType: Failed Lookup Locations
Info 514  [14:24:14.342] DirectoryWatcher:: Triggered with /home/albert/Documentos/courses/angular/cmp-databinding-start/src/app/flycheck_app.module.ts 5:: WatchInfo: /home/albert/Documentos/courses/angular/cmp-databinding-start/src 1 undefined Project: /home/albert/Documentos/courses/angular/cmp-databinding-start/tsconfig.json WatchType: Failed Lookup Locations
Info 515  [14:24:14.342] Elapsed:: 0.14321000035852194ms DirectoryWatcher:: Triggered with /home/albert/Documentos/courses/angular/cmp-databinding-start/src/app/flycheck_app.module.ts 5:: WatchInfo: /home/albert/Documentos/courses/angular/cmp-databinding-start/src 1 undefined Project: /home/albert/Documentos/courses/angular/cmp-databinding-start/tsconfig.json WatchType: Failed Lookup Locations
Info 516  [14:24:14.342] DirectoryWatcher:: Triggered with /home/albert/Documentos/courses/angular/cmp-databinding-start/src/app/flycheck_app.module.ts 6:: WatchInfo: /home/albert/Documentos/courses/angular/cmp-databinding-start/src 1 undefined Project: /home/albert/Documentos/courses/angular/cmp-databinding-start/tsconfig.json WatchType: Failed Lookup Locations
Info 517  [14:24:14.342] Elapsed:: 0.14314999990165234ms DirectoryWatcher:: Triggered with /home/albert/Documentos/courses/angular/cmp-databinding-start/src/app/flycheck_app.module.ts 6:: WatchInfo: /home/albert/Documentos/courses/angular/cmp-databinding-start/src 1 undefined Project: /home/albert/Documentos/courses/angular/cmp-databinding-start/tsconfig.json WatchType: Failed Lookup Locations
Info 518  [14:24:14.342] DirectoryWatcher:: Triggered with /home/albert/Documentos/courses/angular/cmp-databinding-start/src/app/flycheck_app.module.ts 7:: WatchInfo: /home/albert/Documentos/courses/angular/cmp-databinding-start/src 1 undefined Project: /home/albert/Documentos/courses/angular/cmp-databinding-start/tsconfig.json WatchType: Failed Lookup Locations
Info 519  [14:24:14.342] Elapsed:: 0.14593600016087294ms DirectoryWatcher:: Triggered with /home/albert/Documentos/courses/angular/cmp-databinding-start/src/app/flycheck_app.module.ts 7:: WatchInfo: /home/albert/Documentos/courses/angular/cmp-databinding-start/src 1 undefined Project: /home/albert/Documentos/courses/angular/cmp-databinding-start/tsconfig.json WatchType: Failed Lookup Locations
Info 520  [14:24:14.616] Starting updateGraphWorker: Project: /home/albert/Documentos/courses/angular/cmp-databinding-start/tsconfig.json
Info 521  [14:24:14.620] Finishing updateGraphWorker: Project: /home/albert/Documentos/courses/angular/cmp-databinding-start/tsconfig.json Version: 82 structureChanged: false Elapsed: 3.509076999500394ms
Info 522  [14:24:16.841] Before ensureProjectForOpenFiles:
Info 523  [14:24:16.841] After ensureProjectForOpenFiles:
Info 524  [14:24:16.842] got projects updated in background, updating diagnostics for /home/albert/Documentos/courses/angular/cmp-databinding-start/src/app/server-element/server-element.component.ts,/home/albert/Documentos/courses/angular/cmp-databinding-start/src/app/app.module.ts
Info 525  [14:24:17.216] DirectoryWatcher:: Triggered with /home/albert/Documentos/courses/angular/cmp-databinding-start/src/app/flycheck_app.module.ts 0:: WatchInfo: /home/albert/Documentos/courses/angular/cmp-databinding-start 1 undefined Project: /home/albert/Documentos/courses/angular/cmp-databinding-start/tsconfig.json WatchType: Wild card directory
Info 526  [14:24:17.217] Elapsed:: 0.3219480002298951ms DirectoryWatcher:: Triggered with /home/albert/Documentos/courses/angular/cmp-databinding-start/src/app/flycheck_app.module.ts 0:: WatchInfo: /home/albert/Documentos/courses/angular/cmp-databinding-start 1 undefined Project: /home/albert/Documentos/courses/angular/cmp-databinding-start/tsconfig.json WatchType: Wild card directory
Info 527  [14:24:17.217] DirectoryWatcher:: Triggered with /home/albert/Documentos/courses/angular/cmp-databinding-start/src/app/flycheck_app.module.ts 1:: WatchInfo: /home/albert/Documentos/courses/angular/cmp-databinding-start 1 undefined Project: /home/albert/Documentos/courses/angular/cmp-databinding-start/tsconfig.json WatchType: Wild card directory
Info 528  [14:24:17.217] Elapsed:: 0.2408050000667572ms DirectoryWatcher:: Triggered with /home/albert/Documentos/courses/angular/cmp-databinding-start/src/app/flycheck_app.module.ts 1:: WatchInfo: /home/albert/Documentos/courses/angular/cmp-databinding-start 1 undefined Project: /home/albert/Documentos/courses/angular/cmp-databinding-start/tsconfig.json WatchType: Wild card directory
Info 529  [14:24:17.217] DirectoryWatcher:: Triggered with /home/albert/Documentos/courses/angular/cmp-databinding-start/src/app/flycheck_app.module.ts 0:: WatchInfo: /home/albert/Documentos/courses/angular/cmp-databinding-start/src 1 undefined Project: /home/albert/Documentos/courses/angular/cmp-databinding-start/tsconfig.json WatchType: Failed Lookup Locations
Info 530  [14:24:17.217] Elapsed:: 0.14019399974495173ms DirectoryWatcher:: Triggered with /home/albert/Documentos/courses/angular/cmp-databinding-start/src/app/flycheck_app.module.ts 0:: WatchInfo: /home/albert/Documentos/courses/angular/cmp-databinding-start/src 1 undefined Project: /home/albert/Documentos/courses/angular/cmp-databinding-start/tsconfig.json WatchType: Failed Lookup Locations
Info 531  [14:24:17.217] DirectoryWatcher:: Triggered with /home/albert/Documentos/courses/angular/cmp-databinding-start/src/app/flycheck_app.module.ts 1:: WatchInfo: /home/albert/Documentos/courses/angular/cmp-databinding-start/src 1 undefined Project: /home/albert/Documentos/courses/angular/cmp-databinding-start/tsconfig.json WatchType: Failed Lookup Locations
Info 532  [14:24:17.218] Elapsed:: 0.38456600066274405ms DirectoryWatcher:: Triggered with /home/albert/Documentos/courses/angular/cmp-databinding-start/src/app/flycheck_app.module.ts 1:: WatchInfo: /home/albert/Documentos/courses/angular/cmp-databinding-start/src 1 undefined Project: /home/albert/Documentos/courses/angular/cmp-databinding-start/tsconfig.json WatchType: Failed Lookup Locations
Info 533  [14:24:17.485] Starting updateGraphWorker: Project: /home/albert/Documentos/courses/angular/cmp-databinding-start/tsconfig.json
Info 534  [14:24:17.488] Finishing updateGraphWorker: Project: /home/albert/Documentos/courses/angular/cmp-databinding-start/tsconfig.json Version: 83 structureChanged: false Elapsed: 3.33810400031507ms
Info 535  [14:24:18.892] DirectoryWatcher:: Triggered with /home/albert/Documentos/courses/angular/cmp-databinding-start/src/app/flycheck_app.module.ts 0:: WatchInfo: /home/albert/Documentos/courses/angular/cmp-databinding-start 1 undefined Project: /home/albert/Documentos/courses/angular/cmp-databinding-start/tsconfig.json WatchType: Wild card directory
Info 536  [14:24:18.892] Elapsed:: 0.19143200013786554ms DirectoryWatcher:: Triggered with /home/albert/Documentos/courses/angular/cmp-databinding-start/src/app/flycheck_app.module.ts 0:: WatchInfo: /home/albert/Documentos/courses/angular/cmp-databinding-start 1 undefined Project: /home/albert/Documentos/courses/angular/cmp-databinding-start/tsconfig.json WatchType: Wild card directory
Info 537  [14:24:18.892] DirectoryWatcher:: Triggered with /home/albert/Documentos/courses/angular/cmp-databinding-start/src/app/flycheck_app.module.ts 1:: WatchInfo: /home/albert/Documentos/courses/angular/cmp-databinding-start 1 undefined Project: /home/albert/Documentos/courses/angular/cmp-databinding-start/tsconfig.json WatchType: Wild card directory
Info 538  [14:24:18.892] Elapsed:: 0.1122019998729229ms DirectoryWatcher:: Triggered with /home/albert/Documentos/courses/angular/cmp-databinding-start/src/app/flycheck_app.module.ts 1:: WatchInfo: /home/albert/Documentos/courses/angular/cmp-databinding-start 1 undefined Project: /home/albert/Documentos/courses/angular/cmp-databinding-start/tsconfig.json WatchType: Wild card directory
Info 539  [14:24:18.892] DirectoryWatcher:: Triggered with /home/albert/Documentos/courses/angular/cmp-databinding-start/src/app/flycheck_app.module.ts 0:: WatchInfo: /home/albert/Documentos/courses/angular/cmp-databinding-start/src 1 undefined Project: /home/albert/Documentos/courses/angular/cmp-databinding-start/tsconfig.json WatchType: Failed Lookup Locations
Info 540  [14:24:18.892] Elapsed:: 0.07607400044798851ms DirectoryWatcher:: Triggered with /home/albert/Documentos/courses/angular/cmp-databinding-start/src/app/flycheck_app.module.ts 0:: WatchInfo: /home/albert/Documentos/courses/angular/cmp-databinding-start/src 1 undefined Project: /home/albert/Documentos/courses/angular/cmp-databinding-start/tsconfig.json WatchType: Failed Lookup Locations
Info 541  [14:24:18.892] DirectoryWatcher:: Triggered with /home/albert/Documentos/courses/angular/cmp-databinding-start/src/app/flycheck_app.module.ts 1:: WatchInfo: /home/albert/Documentos/courses/angular/cmp-databinding-start/src 1 undefined Project: /home/albert/Documentos/courses/angular/cmp-databinding-start/tsconfig.json WatchType: Failed Lookup Locations
Info 542  [14:24:18.892] Elapsed:: 0.07253700029104948ms DirectoryWatcher:: Triggered with /home/albert/Documentos/courses/angular/cmp-databinding-start/src/app/flycheck_app.module.ts 1:: WatchInfo: /home/albert/Documentos/courses/angular/cmp-databinding-start/src 1 undefined Project: /home/albert/Documentos/courses/angular/cmp-databinding-start/tsconfig.json WatchType: Failed Lookup Locations
Info 543  [14:24:19.160] Starting updateGraphWorker: Project: /home/albert/Documentos/courses/angular/cmp-databinding-start/tsconfig.json
Info 544  [14:24:19.163] Finishing updateGraphWorker: Project: /home/albert/Documentos/courses/angular/cmp-databinding-start/tsconfig.json Version: 84 structureChanged: false Elapsed: 3.259304999373853ms
Info 545  [14:24:21.392] Before ensureProjectForOpenFiles:
Info 546  [14:24:21.392] After ensureProjectForOpenFiles:
Info 547  [14:24:21.392] got projects updated in background, updating diagnostics for /home/albert/Documentos/courses/angular/cmp-databinding-start/src/app/server-element/server-element.component.ts,/home/albert/Documentos/courses/angular/cmp-databinding-start/src/app/app.module.ts
Info 548  [14:24:21.420] DirectoryWatcher:: Triggered with /home/albert/Documentos/courses/angular/cmp-databinding-start/src/app/flycheck_app.module.ts 0:: WatchInfo: /home/albert/Documentos/courses/angular/cmp-databinding-start 1 undefined Project: /home/albert/Documentos/courses/angular/cmp-databinding-start/tsconfig.json WatchType: Wild card directory
Info 549  [14:24:21.420] Elapsed:: 0.29931499995291233ms DirectoryWatcher:: Triggered with /home/albert/Documentos/courses/angular/cmp-databinding-start/src/app/flycheck_app.module.ts 0:: WatchInfo: /home/albert/Documentos/courses/angular/cmp-databinding-start 1 undefined Project: /home/albert/Documentos/courses/angular/cmp-databinding-start/tsconfig.json WatchType: Wild card directory
Info 550  [14:24:21.420] DirectoryWatcher:: Triggered with /home/albert/Documentos/courses/angular/cmp-databinding-start/src/app/flycheck_app.module.ts 1:: WatchInfo: /home/albert/Documentos/courses/angular/cmp-databinding-start 1 undefined Project: /home/albert/Documentos/courses/angular/cmp-databinding-start/tsconfig.json WatchType: Wild card directory
Info 551  [14:24:21.421] Elapsed:: 0.2969010006636381ms DirectoryWatcher:: Triggered with /home/albert/Documentos/courses/angular/cmp-databinding-start/src/app/flycheck_app.module.ts 1:: WatchInfo: /home/albert/Documentos/courses/angular/cmp-databinding-start 1 undefined Project: /home/albert/Documentos/courses/angular/cmp-databinding-start/tsconfig.json WatchType: Wild card directory
Info 552  [14:24:21.421] DirectoryWatcher:: Triggered with /home/albert/Documentos/courses/angular/cmp-databinding-start/src/app/flycheck_app.module.ts 0:: WatchInfo: /home/albert/Documentos/courses/angular/cmp-databinding-start/src 1 undefined Project: /home/albert/Documentos/courses/angular/cmp-databinding-start/tsconfig.json WatchType: Failed Lookup Locations
Info 553  [14:24:21.421] Elapsed:: 0.09468800015747547ms DirectoryWatcher:: Triggered with /home/albert/Documentos/courses/angular/cmp-databinding-start/src/app/flycheck_app.module.ts 0:: WatchInfo: /home/albert/Documentos/courses/angular/cmp-databinding-start/src 1 undefined Project: /home/albert/Documentos/courses/angular/cmp-databinding-start/tsconfig.json WatchType: Failed Lookup Locations
Info 554  [14:24:21.421] DirectoryWatcher:: Triggered with /home/albert/Documentos/courses/angular/cmp-databinding-start/src/app/flycheck_app.module.ts 1:: WatchInfo: /home/albert/Documentos/courses/angular/cmp-databinding-start/src 1 undefined Project: /home/albert/Documentos/courses/angular/cmp-databinding-start/tsconfig.json WatchType: Failed Lookup Locations
Info 555  [14:24:21.421] Elapsed:: 0.07618300057947636ms DirectoryWatcher:: Triggered with /home/albert/Documentos/courses/angular/cmp-databinding-start/src/app/flycheck_app.module.ts 1:: WatchInfo: /home/albert/Documentos/courses/angular/cmp-databinding-start/src 1 undefined Project: /home/albert/Documentos/courses/angular/cmp-databinding-start/tsconfig.json WatchType: Failed Lookup Locations
Info 556  [14:24:21.504] Starting updateGraphWorker: Project: /home/albert/Documentos/courses/angular/cmp-databinding-start/tsconfig.json
Info 557  [14:24:21.506] Finishing updateGraphWorker: Project: /home/albert/Documentos/courses/angular/cmp-databinding-start/tsconfig.json Version: 85 structureChanged: false Elapsed: 1.7082559997215867ms
Info 558  [14:24:23.729] Search path: /home/albert/Documentos/courses/angular/cmp-databinding-start/src/app/cockpit
Info 559  [14:24:23.729] For info: /home/albert/Documentos/courses/angular/cmp-databinding-start/src/app/cockpit/cockpit.component.ts :: Config file name: /home/albert/Documentos/courses/angular/cmp-databinding-start/tsconfig.json
Info 560  [14:24:23.921] Before ensureProjectForOpenFiles:
Info 561  [14:24:23.921] After ensureProjectForOpenFiles:
Info 562  [14:24:23.921] got projects updated in background, updating diagnostics for /home/albert/Documentos/courses/angular/cmp-databinding-start/src/app/server-element/server-element.component.ts,/home/albert/Documentos/courses/angular/cmp-databinding-start/src/app/app.module.ts,/home/albert/Documentos/courses/angular/cmp-databinding-start/src/app/cockpit/cockpit.component.ts
Info 563  [14:24:25.343] DirectoryWatcher:: Triggered with /home/albert/Documentos/courses/angular/cmp-databinding-start/src/app/cockpit/flycheck_cockpit.component.ts 0:: WatchInfo: /home/albert/Documentos/courses/angular/cmp-databinding-start 1 undefined Project: /home/albert/Documentos/courses/angular/cmp-databinding-start/tsconfig.json WatchType: Wild card directory
Info 564  [14:24:25.343] Elapsed:: 0.2938950005918741ms DirectoryWatcher:: Triggered with /home/albert/Documentos/courses/angular/cmp-databinding-start/src/app/cockpit/flycheck_cockpit.component.ts 0:: WatchInfo: /home/albert/Documentos/courses/angular/cmp-databinding-start 1 undefined Project: /home/albert/Documentos/courses/angular/cmp-databinding-start/tsconfig.json WatchType: Wild card directory
Info 565  [14:24:25.343] DirectoryWatcher:: Triggered with /home/albert/Documentos/courses/angular/cmp-databinding-start/src/app/cockpit/flycheck_cockpit.component.ts 1:: WatchInfo: /home/albert/Documentos/courses/angular/cmp-databinding-start 1 undefined Project: /home/albert/Documentos/courses/angular/cmp-databinding-start/tsconfig.json WatchType: Wild card directory
Info 566  [14:24:25.344] Elapsed:: 0.23469299916177988ms DirectoryWatcher:: Triggered with /home/albert/Documentos/courses/angular/cmp-databinding-start/src/app/cockpit/flycheck_cockpit.component.ts 1:: WatchInfo: /home/albert/Documentos/courses/angular/cmp-databinding-start 1 undefined Project: /home/albert/Documentos/courses/angular/cmp-databinding-start/tsconfig.json WatchType: Wild card directory
Info 567  [14:24:25.344] DirectoryWatcher:: Triggered with /home/albert/Documentos/courses/angular/cmp-databinding-start/src/app/cockpit/flycheck_cockpit.component.ts 2:: WatchInfo: /home/albert/Documentos/courses/angular/cmp-databinding-start 1 undefined Project: /home/albert/Documentos/courses/angular/cmp-databinding-start/tsconfig.json WatchType: Wild card directory
Info 568  [14:24:25.344] Elapsed:: 0.4266459997743368ms DirectoryWatcher:: Triggered with /home/albert/Documentos/courses/angular/cmp-databinding-start/src/app/cockpit/flycheck_cockpit.component.ts 2:: WatchInfo: /home/albert/Documentos/courses/angular/cmp-databinding-start 1 undefined Project: /home/albert/Documentos/courses/angular/cmp-databinding-start/tsconfig.json WatchType: Wild card directory
Info 569  [14:24:25.344] DirectoryWatcher:: Triggered with /home/albert/Documentos/courses/angular/cmp-databinding-start/src/app/cockpit/flycheck_cockpit.component.ts 3:: WatchInfo: /home/albert/Documentos/courses/angular/cmp-databinding-start 1 undefined Project: /home/albert/Documentos/courses/angular/cmp-databinding-start/tsconfig.json WatchType: Wild card directory
Info 570  [14:24:25.344] Elapsed:: 0.17134400084614754ms DirectoryWatcher:: Triggered with /home/albert/Documentos/courses/angular/cmp-databinding-start/src/app/cockpit/flycheck_cockpit.component.ts 3:: WatchInfo: /home/albert/Documentos/courses/angular/cmp-databinding-start 1 undefined Project: /home/albert/Documentos/courses/angular/cmp-databinding-start/tsconfig.json WatchType: Wild card directory
Info 571  [14:24:25.344] DirectoryWatcher:: Triggered with /home/albert/Documentos/courses/angular/cmp-databinding-start/src/app/cockpit/flycheck_cockpit.component.ts 0:: WatchInfo: /home/albert/Documentos/courses/angular/cmp-databinding-start/src 1 undefined Project: /home/albert/Documentos/courses/angular/cmp-databinding-start/tsconfig.json WatchType: Failed Lookup Locations
Info 572  [14:24:25.344] Elapsed:: 0.07343900017440319ms DirectoryWatcher:: Triggered with /home/albert/Documentos/courses/angular/cmp-databinding-start/src/app/cockpit/flycheck_cockpit.component.ts 0:: WatchInfo: /home/albert/Documentos/courses/angular/cmp-databinding-start/src 1 undefined Project: /home/albert/Documentos/courses/angular/cmp-databinding-start/tsconfig.json WatchType: Failed Lookup Locations
Info 573  [14:24:25.344] DirectoryWatcher:: Triggered with /home/albert/Documentos/courses/angular/cmp-databinding-start/src/app/cockpit/flycheck_cockpit.component.ts 1:: WatchInfo: /home/albert/Documentos/courses/angular/cmp-databinding-start/src 1 undefined Project: /home/albert/Documentos/courses/angular/cmp-databinding-start/tsconfig.json WatchType: Failed Lookup Locations
Info 574  [14:24:25.345] Elapsed:: 0.06762799993157387ms DirectoryWatcher:: Triggered with /home/albert/Documentos/courses/angular/cmp-databinding-start/src/app/cockpit/flycheck_cockpit.component.ts 1:: WatchInfo: /home/albert/Documentos/courses/angular/cmp-databinding-start/src 1 undefined Project: /home/albert/Documentos/courses/angular/cmp-databinding-start/tsconfig.json WatchType: Failed Lookup Locations
Info 575  [14:24:25.345] DirectoryWatcher:: Triggered with /home/albert/Documentos/courses/angular/cmp-databinding-start/src/app/cockpit/flycheck_cockpit.component.ts 2:: WatchInfo: /home/albert/Documentos/courses/angular/cmp-databinding-start/src 1 undefined Project: /home/albert/Documentos/courses/angular/cmp-databinding-start/tsconfig.json WatchType: Failed Lookup Locations
Info 576  [14:24:25.345] Elapsed:: 0.07330900058150291ms DirectoryWatcher:: Triggered with /home/albert/Documentos/courses/angular/cmp-databinding-start/src/app/cockpit/flycheck_cockpit.component.ts 2:: WatchInfo: /home/albert/Documentos/courses/angular/cmp-databinding-start/src 1 undefined Project: /home/albert/Documentos/courses/angular/cmp-databinding-start/tsconfig.json WatchType: Failed Lookup Locations
Info 577  [14:24:25.345] DirectoryWatcher:: Triggered with /home/albert/Documentos/courses/angular/cmp-databinding-start/src/app/cockpit/flycheck_cockpit.component.ts 3:: WatchInfo: /home/albert/Documentos/courses/angular/cmp-databinding-start/src 1 undefined Project: /home/albert/Documentos/courses/angular/cmp-databinding-start/tsconfig.json WatchType: Failed Lookup Locations
Info 578  [14:24:25.345] Elapsed:: 0.06764800008386374ms DirectoryWatcher:: Triggered with /home/albert/Documentos/courses/angular/cmp-databinding-start/src/app/cockpit/flycheck_cockpit.component.ts 3:: WatchInfo: /home/albert/Documentos/courses/angular/cmp-databinding-start/src 1 undefined Project: /home/albert/Documentos/courses/angular/cmp-databinding-start/tsconfig.json WatchType: Failed Lookup Locations
Info 579  [14:24:25.611] Starting updateGraphWorker: Project: /home/albert/Documentos/courses/angular/cmp-databinding-start/tsconfig.json
Info 580  [14:24:25.633] Finishing updateGraphWorker: Project: /home/albert/Documentos/courses/angular/cmp-databinding-start/tsconfig.json Version: 86 structureChanged: false Elapsed: 21.849414000287652ms
Info 581  [14:24:25.633] Different program with same set of files:: oldProgram.structureIsReused:: 2
Info 582  [14:24:27.845] Before ensureProjectForOpenFiles:
Info 583  [14:24:27.845] After ensureProjectForOpenFiles:
Info 584  [14:24:27.845] got projects updated in background, updating diagnostics for /home/albert/Documentos/courses/angular/cmp-databinding-start/src/app/server-element/server-element.component.ts,/home/albert/Documentos/courses/angular/cmp-databinding-start/src/app/app.module.ts,/home/albert/Documentos/courses/angular/cmp-databinding-start/src/app/cockpit/cockpit.component.ts
